  tbb_qsort.cpp
c:\users\gusevalexandr\desktop\новая папка\parprog-2018-1\groups\1506-1\gusev_av\3-tbb\tbb_qsort\tbb_qsort\tbb_qsort.cpp(338): warning C4244: '+=': conversion from 'double' to 'int', possible loss of data
c:\users\gusevalexandr\desktop\новая папка\parprog-2018-1\groups\1506-1\gusev_av\3-tbb\tbb_qsort\tbb_qsort\tbb_qsort.cpp(339): warning C4244: '+=': conversion from 'double' to 'int', possible loss of data
c:\users\gusevalexandr\desktop\новая папка\parprog-2018-1\groups\1506-1\gusev_av\3-tbb\tbb_qsort\tbb_qsort\tbb_qsort.cpp(349): warning C4244: '+=': conversion from 'double' to 'int', possible loss of data
c:\users\gusevalexandr\desktop\новая папка\parprog-2018-1\groups\1506-1\gusev_av\3-tbb\tbb_qsort\tbb_qsort\tbb_qsort.cpp(364): warning C4244: '+=': conversion from 'double' to 'int', possible loss of data
c:\users\gusevalexandr\desktop\новая папка\parprog-2018-1\groups\1506-1\gusev_av\3-tbb\tbb_qsort\tbb_qsort\tbb_qsort.cpp(379): warning C4244: 'argument': conversion from 'double' to 'int', possible loss of data
c:\users\gusevalexandr\desktop\новая папка\parprog-2018-1\groups\1506-1\gusev_av\3-tbb\tbb_qsort\tbb_qsort\tbb_qsort.cpp(421): warning C4101: 'shift': unreferenced local variable
c:\users\gusevalexandr\desktop\новая папка\parprog-2018-1\groups\1506-1\gusev_av\3-tbb\tbb_qsort\tbb_qsort\tbb_qsort.cpp(425): warning C4101: 'rank': unreferenced local variable
tbb_qsort.obj : error LNK2019: unresolved external symbol "void __cdecl tbb::assertion_failure(char const *,int,char const *,char const *)" (?assertion_failure@tbb@@YAXPBDH00@Z) referenced in function "public: __thiscall tbb::blocked_range<int>::blocked_range<int>(class tbb::blocked_range<int> &,class tbb::split)" (??0?$blocked_range@H@tbb@@QAE@AAV01@Vsplit@1@@Z)
tbb_qsort.obj : error LNK2019: unresolved external symbol "public: void __thiscall tbb::task_scheduler_init::initialize(int,unsigned int)" (?initialize@task_scheduler_init@tbb@@QAEXHI@Z) referenced in function "public: __thiscall tbb::task_scheduler_init::task_scheduler_init(int,unsigned int)" (??0task_scheduler_init@tbb@@QAE@HI@Z)
tbb_qsort.obj : error LNK2019: unresolved external symbol "public: void __thiscall tbb::task_scheduler_init::terminate(void)" (?terminate@task_scheduler_init@tbb@@QAEXXZ) referenced in function "public: __thiscall tbb::task_scheduler_init::~task_scheduler_init(void)" (??1task_scheduler_init@tbb@@QAE@XZ)
tbb_qsort.obj : error LNK2019: unresolved external symbol "public: class tbb::task & __thiscall tbb::internal::allocate_root_with_context_proxy::allocate(unsigned int)const " (?allocate@allocate_root_with_context_proxy@internal@tbb@@QBEAAVtask@3@I@Z) referenced in function "void * __cdecl operator new(unsigned int,class tbb::internal::allocate_root_with_context_proxy const &)" (??2@YAPAXIABVallocate_root_with_context_proxy@internal@tbb@@@Z)
tbb_qsort.obj : error LNK2019: unresolved external symbol "public: void __thiscall tbb::internal::allocate_root_with_context_proxy::free(class tbb::task &)const " (?free@allocate_root_with_context_proxy@internal@tbb@@QBEXAAVtask@3@@Z) referenced in function "void __cdecl operator delete(void *,class tbb::internal::allocate_root_with_context_proxy const &)" (??3@YAXPAXABVallocate_root_with_context_proxy@internal@tbb@@@Z)
tbb_qsort.obj : error LNK2019: unresolved external symbol "public: class tbb::task & __thiscall tbb::internal::allocate_continuation_proxy::allocate(unsigned int)const " (?allocate@allocate_continuation_proxy@internal@tbb@@QBEAAVtask@3@I@Z) referenced in function "void * __cdecl operator new(unsigned int,class tbb::internal::allocate_continuation_proxy const &)" (??2@YAPAXIABVallocate_continuation_proxy@internal@tbb@@@Z)
tbb_qsort.obj : error LNK2019: unresolved external symbol "public: void __thiscall tbb::internal::allocate_continuation_proxy::free(class tbb::task &)const " (?free@allocate_continuation_proxy@internal@tbb@@QBEXAAVtask@3@@Z) referenced in function "void __cdecl operator delete(void *,class tbb::internal::allocate_continuation_proxy const &)" (??3@YAXPAXABVallocate_continuation_proxy@internal@tbb@@@Z)
tbb_qsort.obj : error LNK2019: unresolved external symbol "public: class tbb::task & __thiscall tbb::internal::allocate_child_proxy::allocate(unsigned int)const " (?allocate@allocate_child_proxy@internal@tbb@@QBEAAVtask@3@I@Z) referenced in function "void * __cdecl tbb::interface9::internal::allocate_sibling(class tbb::task *,unsigned int)" (?allocate_sibling@internal@interface9@tbb@@YAPAXPAVtask@3@I@Z)
tbb_qsort.obj : error LNK2019: unresolved external symbol "public: __thiscall tbb::task_group_context::~task_group_context(void)" (??1task_group_context@tbb@@QAE@XZ) referenced in function "public: static void __cdecl tbb::interface9::internal::start_for<class tbb::blocked_range<int>,class Sort,class tbb::auto_partitioner const >::run(class tbb::blocked_range<int> const &,class Sort const &,class tbb::auto_partitioner const &)" (?run@?$start_for@V?$blocked_range@H@tbb@@VSort@@$$CBVauto_partitioner@2@@internal@interface9@tbb@@SAXABV?$blocked_range@H@4@ABVSort@@ABVauto_partitioner@4@@Z)
tbb_qsort.obj : error LNK2019: unresolved external symbol "public: bool __thiscall tbb::task_group_context::is_group_execution_cancelled(void)const " (?is_group_execution_cancelled@task_group_context@tbb@@QBE_NXZ) referenced in function "public: bool __thiscall tbb::task::is_cancelled(void)const " (?is_cancelled@task@tbb@@QBE_NXZ)
tbb_qsort.obj : error LNK2019: unresolved external symbol "protected: void __thiscall tbb::task_group_context::init(void)" (?init@task_group_context@tbb@@IAEXXZ) referenced in function "public: __thiscall tbb::task_group_context::task_group_context(enum tbb::task_group_context::kind_type,unsigned int)" (??0task_group_context@tbb@@QAE@W4kind_type@01@I@Z)
tbb_qsort.obj : error LNK2019: unresolved external symbol "private: void __thiscall tbb::task::internal_set_ref_count(int)" (?internal_set_ref_count@task@tbb@@AAEXH@Z) referenced in function "public: void __thiscall tbb::task::set_ref_count(int)" (?set_ref_count@task@tbb@@QAEXH@Z)
tbb_qsort.obj : error LNK2001: unresolved external symbol "public: virtual void __thiscall tbb::task::note_affinity(unsigned short)" (?note_affinity@task@tbb@@UAEXG@Z)
tbb_qsort.obj : error LNK2019: unresolved external symbol "unsigned int __cdecl tbb::internal::get_initial_auto_partitioner_divisor(void)" (?get_initial_auto_partitioner_divisor@internal@tbb@@YAIXZ) referenced in function "public: __thiscall tbb::interface9::internal::adaptive_mode<class tbb::interface9::internal::auto_partition_type>::adaptive_mode<class tbb::interface9::internal::auto_partition_type>(void)" (??0?$adaptive_mode@Vauto_partition_type@internal@interface9@tbb@@@internal@interface9@tbb@@QAE@XZ)
C:\Program Files (x86)\Intel\tbb2018_20180312oss_win\tbb2018_20180312oss\lib\intel64\vc14\tbb_debug.lib : warning LNK4272: library machine type 'x64' conflicts with target machine type 'X86'
C:\Users\GusevAlexandr\Desktop\Новая папка\parprog-2018-1\groups\1506-1\gusev_av\3-tbb\tbb_qsort\Debug\tbb_qsort.exe : fatal error LNK1120: 14 unresolved externals
